# JRE version: OpenJDK Runtime Environment Temurin-17.0.11+9 (17.0.11+9) (build 17.0.11+9)
# Java VM: OpenJDK 64-Bit Server VM Temurin-17.0.11+9 (17.0.11+9, mixed mode, tiered, compressed oops, compressed class ptrs, parallel gc, linux-amd64)
GC Precious Log:
 CPUs: 8 total, 8 available
 Memory: 11818M
 Large Page Support: Disabled
 NUMA Support: Disabled
 Compressed Oops: Enabled (32-bit)
 Alignments: Space 512K, Generation 512K, Heap 2M
 Heap Min Capacity: 100M
 Heap Initial Capacity: 100M
 Heap Max Capacity: 1G
 Pre-touch: Disabled
 Parallel Workers: 8
Heap:
 PSYoungGen      total 48128K, used 10845K [0x00000000eab00000, 0x00000000ee400000, 0x0000000100000000)
  eden space 45056K, 17% used [0x00000000eab00000,0x00000000eb2d6e70,0x00000000ed700000)
  from space 3072K, 91% used [0x00000000ed800000,0x00000000edac0870,0x00000000edb00000)
  to   space 5632K, 0% used [0x00000000ede80000,0x00000000ede80000,0x00000000ee400000)
 ParOldGen       total 142848K, used 114487K [0x00000000c0000000, 0x00000000c8b80000, 0x00000000eab00000)
  object space 142848K, 80% used [0x00000000c0000000,0x00000000c6fcde08,0x00000000c8b80000)
 Metaspace       used 74715K, committed 76032K, reserved 1179648K
  class space    used 7867K, committed 8448K, reserved 1048576K
GC Heap History (20 events):
Event: 26.305 GC heap before
{Heap before GC invocations=65 (full 5):
 PSYoungGen      total 45568K, used 45184K [0x00000000eab00000, 0x00000000ede80000, 0x0000000100000000)
  eden space 42496K, 100% used [0x00000000eab00000,0x00000000ed480000,0x00000000ed480000)
  from space 3072K, 87% used [0x00000000ed480000,0x00000000ed720000,0x00000000ed780000)
  to   space 3072K, 0% used [0x00000000edb80000,0x00000000edb80000,0x00000000ede80000)
 ParOldGen       total 110080K, used 105820K [0x00000000c0000000, 0x00000000c6b80000, 0x00000000eab00000)
  object space 110080K, 96% used [0x00000000c0000000,0x00000000c6757228,0x00000000c6b80000)
 Metaspace       used 65564K, committed 66944K, reserved 1114112K
  class space    used 7022K, committed 7616K, reserved 1048576K
}
Event: 26.319 GC heap after
{Heap after GC invocations=65 (full 5):
 PSYoungGen      total 48128K, used 3072K [0x00000000eab00000, 0x00000000ee180000, 0x0000000100000000)
  eden space 45056K, 0% used [0x00000000eab00000,0x00000000eab00000,0x00000000ed700000)
  from space 3072K, 100% used [0x00000000edb80000,0x00000000ede80000,0x00000000ede80000)
  to   space 4608K, 0% used [0x00000000ed700000,0x00000000ed700000,0x00000000edb80000)
 ParOldGen       total 110080K, used 106923K [0x00000000c0000000, 0x00000000c6b80000, 0x00000000eab00000)
  object space 110080K, 97% used [0x00000000c0000000,0x00000000c686af28,0x00000000c6b80000)
 Metaspace       used 65564K, committed 66944K, reserved 1114112K
  class space    used 7022K, committed 7616K, reserved 1048576K
}
Event: 26.464 GC heap before
{Heap before GC invocations=66 (full 5):
 PSYoungGen      total 48128K, used 48128K [0x00000000eab00000, 0x00000000ee180000, 0x0000000100000000)
  eden space 45056K, 100% used [0x00000000eab00000,0x00000000ed700000,0x00000000ed700000)
  from space 3072K, 100% used [0x00000000edb80000,0x00000000ede80000,0x00000000ede80000)
  to   space 4608K, 0% used [0x00000000ed700000,0x00000000ed700000,0x00000000edb80000)
 ParOldGen       total 110080K, used 106923K [0x00000000c0000000, 0x00000000c6b80000, 0x00000000eab00000)
  object space 110080K, 97% used [0x00000000c0000000,0x00000000c686af28,0x00000000c6b80000)
 Metaspace       used 65616K, committed 66944K, reserved 1114112K
  class space    used 7024K, committed 7616K, reserved 1048576K
}
Event: 26.471 GC heap after
{Heap after GC invocations=66 (full 5):
 PSYoungGen      total 49664K, used 3104K [0x00000000eab00000, 0x00000000ee200000, 0x0000000100000000)
  eden space 45056K, 0% used [0x00000000eab00000,0x00000000eab00000,0x00000000ed700000)
  from space 4608K, 67% used [0x00000000ed700000,0x00000000eda08020,0x00000000edb80000)
  to   space 3584K, 0% used [0x00000000ede80000,0x00000000ede80000,0x00000000ee200000)
 ParOldGen       total 110080K, used 108523K [0x00000000c0000000, 0x00000000c6b80000, 0x00000000eab00000)
  object space 110080K, 98% used [0x00000000c0000000,0x00000000c69faf38,0x00000000c6b80000)
 Metaspace       used 65616K, committed 66944K, reserved 1114112K
  class space    used 7024K, committed 7616K, reserved 1048576K
}
Event: 26.471 GC heap before
{Heap before GC invocations=67 (full 6):
 PSYoungGen      total 49664K, used 3104K [0x00000000eab00000, 0x00000000ee200000, 0x0000000100000000)
  eden space 45056K, 0% used [0x00000000eab00000,0x00000000eab00000,0x00000000ed700000)
  from space 4608K, 67% used [0x00000000ed700000,0x00000000eda08020,0x00000000edb80000)
  to   space 3584K, 0% used [0x00000000ede80000,0x00000000ede80000,0x00000000ee200000)
 ParOldGen       total 110080K, used 108523K [0x00000000c0000000, 0x00000000c6b80000, 0x00000000eab00000)
  object space 110080K, 98% used [0x00000000c0000000,0x00000000c69faf38,0x00000000c6b80000)
 Metaspace       used 65616K, committed 66944K, reserved 1114112K
  class space    used 7024K, committed 7616K, reserved 1048576K
}
Event: 26.725 GC heap after
{Heap after GC invocations=67 (full 6):
 PSYoungGen      total 52736K, used 0K [0x00000000eab00000, 0x00000000ee200000, 0x0000000100000000)
  eden space 49152K, 0% used [0x00000000eab00000,0x00000000eab00000,0x00000000edb00000)
  from space 3584K, 0% used [0x00000000ede80000,0x00000000ede80000,0x00000000ee200000)
  to   space 3584K, 0% used [0x00000000edb00000,0x00000000edb00000,0x00000000ede80000)
 ParOldGen       total 142848K, used 93348K [0x00000000c0000000, 0x00000000c8b80000, 0x00000000eab00000)
  object space 142848K, 65% used [0x00000000c0000000,0x00000000c5b29050,0x00000000c8b80000)
 Metaspace       used 65616K, committed 66944K, reserved 1114112K
  class space    used 7024K, committed 7616K, reserved 1048576K
}
Event: 26.969 GC heap before
{Heap before GC invocations=68 (full 6):
 PSYoungGen      total 52736K, used 49152K [0x00000000eab00000, 0x00000000ee200000, 0x0000000100000000)
  eden space 49152K, 100% used [0x00000000eab00000,0x00000000edb00000,0x00000000edb00000)
  from space 3584K, 0% used [0x00000000ede80000,0x00000000ede80000,0x00000000ee200000)
  to   space 3584K, 0% used [0x00000000edb00000,0x00000000edb00000,0x00000000ede80000)
 ParOldGen       total 142848K, used 93348K [0x00000000c0000000, 0x00000000c8b80000, 0x00000000eab00000)
  object space 142848K, 65% used [0x00000000c0000000,0x00000000c5b29050,0x00000000c8b80000)
 Metaspace       used 66283K, committed 67584K, reserved 1114112K
  class space    used 7090K, committed 7680K, reserved 1048576K
}
Event: 26.975 GC heap after
{Heap after GC invocations=68 (full 6):
 PSYoungGen      total 52736K, used 3568K [0x00000000eab00000, 0x00000000ee880000, 0x0000000100000000)
  eden space 49152K, 0% used [0x00000000eab00000,0x00000000eab00000,0x00000000edb00000)
  from space 3584K, 99% used [0x00000000edb00000,0x00000000ede7c050,0x00000000ede80000)
  to   space 5120K, 0% used [0x00000000ee380000,0x00000000ee380000,0x00000000ee880000)
 ParOldGen       total 142848K, used 94252K [0x00000000c0000000, 0x00000000c8b80000, 0x00000000eab00000)
  object space 142848K, 65% used [0x00000000c0000000,0x00000000c5c0b050,0x00000000c8b80000)
 Metaspace       used 66283K, committed 67584K, reserved 1114112K
  class space    used 7090K, committed 7680K, reserved 1048576K
}
Event: 27.449 GC heap before
{Heap before GC invocations=69 (full 6):
 PSYoungGen      total 52736K, used 52720K [0x00000000eab00000, 0x00000000ee880000, 0x0000000100000000)
  eden space 49152K, 100% used [0x00000000eab00000,0x00000000edb00000,0x00000000edb00000)
  from space 3584K, 99% used [0x00000000edb00000,0x00000000ede7c050,0x00000000ede80000)
  to   space 5120K, 0% used [0x00000000ee380000,0x00000000ee380000,0x00000000ee880000)
 ParOldGen       total 142848K, used 94252K [0x00000000c0000000, 0x00000000c8b80000, 0x00000000eab00000)
  object space 142848K, 65% used [0x00000000c0000000,0x00000000c5c0b050,0x00000000c8b80000)
 Metaspace       used 67738K, committed 69056K, reserved 1114112K
  class space    used 7249K, committed 7808K, reserved 1048576K
}
Event: 27.471 GC heap after
{Heap after GC invocations=69 (full 6):
 PSYoungGen      total 50688K, used 5114K [0x00000000eab00000, 0x00000000ef680000, 0x0000000100000000)
  eden space 45568K, 0% used [0x00000000eab00000,0x00000000eab00000,0x00000000ed780000)
  from space 5120K, 99% used [0x00000000ee380000,0x00000000ee87e9c8,0x00000000ee880000)
  to   space 12288K, 0% used [0x00000000ed780000,0x00000000ed780000,0x00000000ee380000)
 ParOldGen       total 142848K, used 100131K [0x00000000c0000000, 0x00000000c8b80000, 0x00000000eab00000)
  object space 142848K, 70% used [0x00000000c0000000,0x00000000c61c8ed8,0x00000000c8b80000)
 Metaspace       used 67738K, committed 69056K, reserved 1114112K
  class space    used 7249K, committed 7808K, reserved 1048576K
}
Event: 27.751 GC heap before
{Heap before GC invocations=70 (full 6):
 PSYoungGen      total 50688K, used 50682K [0x00000000eab00000, 0x00000000ef680000, 0x0000000100000000)
  eden space 45568K, 100% used [0x00000000eab00000,0x00000000ed780000,0x00000000ed780000)
  from space 5120K, 99% used [0x00000000ee380000,0x00000000ee87e9c8,0x00000000ee880000)
  to   space 12288K, 0% used [0x00000000ed780000,0x00000000ed780000,0x00000000ee380000)
 ParOldGen       total 142848K, used 100430K [0x00000000c0000000, 0x00000000c8b80000, 0x00000000eab00000)
  object space 142848K, 70% used [0x00000000c0000000,0x00000000c6213a58,0x00000000c8b80000)
 Metaspace       used 68259K, committed 69568K, reserved 1114112K
  class space    used 7303K, committed 7872K, reserved 1048576K
}
Event: 27.765 GC heap after
{Heap after GC invocations=70 (full 6):
 PSYoungGen      total 57856K, used 3057K [0x00000000eab00000, 0x00000000eea80000, 0x0000000100000000)
  eden space 45568K, 0% used [0x00000000eab00000,0x00000000eab00000,0x00000000ed780000)
  from space 12288K, 24% used [0x00000000ed780000,0x00000000eda7c570,0x00000000ee380000)
  to   space 6144K, 0% used [0x00000000ee480000,0x00000000ee480000,0x00000000eea80000)
 ParOldGen       total 142848K, used 104794K [0x00000000c0000000, 0x00000000c8b80000, 0x00000000eab00000)
  object space 142848K, 73% used [0x00000000c0000000,0x00000000c6656b98,0x00000000c8b80000)
 Metaspace       used 68259K, committed 69568K, reserved 1114112K
  class space    used 7303K, committed 7872K, reserved 1048576K
}
Event: 28.318 GC heap before
{Heap before GC invocations=71 (full 6):
 PSYoungGen      total 57856K, used 48625K [0x00000000eab00000, 0x00000000eea80000, 0x0000000100000000)
  eden space 45568K, 100% used [0x00000000eab00000,0x00000000ed780000,0x00000000ed780000)
  from space 12288K, 24% used [0x00000000ed780000,0x00000000eda7c570,0x00000000ee380000)
  to   space 6144K, 0% used [0x00000000ee480000,0x00000000ee480000,0x00000000eea80000)
 ParOldGen       total 142848K, used 104796K [0x00000000c0000000, 0x00000000c8b80000, 0x00000000eab00000)
  object space 142848K, 73% used [0x00000000c0000000,0x00000000c66572e8,0x00000000c8b80000)
 Metaspace       used 71358K, committed 72704K, reserved 1114112K
  class space    used 7560K, committed 8128K, reserved 1048576K
}
Event: 28.325 GC heap after
{Heap after GC invocations=71 (full 6):
 PSYoungGen      total 52736K, used 4357K [0x00000000eab00000, 0x00000000ee900000, 0x0000000100000000)
  eden space 48128K, 0% used [0x00000000eab00000,0x00000000eab00000,0x00000000eda00000)
  from space 4608K, 94% used [0x00000000ee480000,0x00000000ee8c16a0,0x00000000ee900000)
  to   space 5120K, 0% used [0x00000000edf00000,0x00000000edf00000,0x00000000ee400000)
 ParOldGen       total 142848K, used 104804K [0x00000000c0000000, 0x00000000c8b80000, 0x00000000eab00000)
  object space 142848K, 73% used [0x00000000c0000000,0x00000000c66592e8,0x00000000c8b80000)
 Metaspace       used 71358K, committed 72704K, reserved 1114112K
  class space    used 7560K, committed 8128K, reserved 1048576K
}
Event: 37.237 GC heap before
{Heap before GC invocations=72 (full 6):
 PSYoungGen      total 52736K, used 52485K [0x00000000eab00000, 0x00000000ee900000, 0x0000000100000000)
  eden space 48128K, 100% used [0x00000000eab00000,0x00000000eda00000,0x00000000eda00000)
  from space 4608K, 94% used [0x00000000ee480000,0x00000000ee8c16a0,0x00000000ee900000)
  to   space 5120K, 0% used [0x00000000edf00000,0x00000000edf00000,0x00000000ee400000)
 ParOldGen       total 142848K, used 104804K [0x00000000c0000000, 0x00000000c8b80000, 0x00000000eab00000)
  object space 142848K, 73% used [0x00000000c0000000,0x00000000c66592e8,0x00000000c8b80000)
 Metaspace       used 72282K, committed 73600K, reserved 1114112K
  class space    used 7662K, committed 8256K, reserved 1048576K
}
Event: 37.243 GC heap after
{Heap after GC invocations=72 (full 6):
 PSYoungGen      total 51712K, used 4544K [0x00000000eab00000, 0x00000000ee500000, 0x0000000100000000)
  eden space 47104K, 0% used [0x00000000eab00000,0x00000000eab00000,0x00000000ed900000)
  from space 4608K, 98% used [0x00000000edf00000,0x00000000ee370350,0x00000000ee380000)
  to   space 1536K, 0% used [0x00000000ee380000,0x00000000ee380000,0x00000000ee500000)
 ParOldGen       total 142848K, used 104812K [0x00000000c0000000, 0x00000000c8b80000, 0x00000000eab00000)
  object space 142848K, 73% used [0x00000000c0000000,0x00000000c665b2e8,0x00000000c8b80000)
 Metaspace       used 72282K, committed 73600K, reserved 1114112K
  class space    used 7662K, committed 8256K, reserved 1048576K
}
Event: 143.475 GC heap before
{Heap before GC invocations=73 (full 6):
 PSYoungGen      total 51712K, used 51648K [0x00000000eab00000, 0x00000000ee500000, 0x0000000100000000)
  eden space 47104K, 100% used [0x00000000eab00000,0x00000000ed900000,0x00000000ed900000)
  from space 4608K, 98% used [0x00000000edf00000,0x00000000ee370350,0x00000000ee380000)
  to   space 1536K, 0% used [0x00000000ee380000,0x00000000ee380000,0x00000000ee500000)
 ParOldGen       total 142848K, used 104812K [0x00000000c0000000, 0x00000000c8b80000, 0x00000000eab00000)
  object space 142848K, 73% used [0x00000000c0000000,0x00000000c665b2e8,0x00000000c8b80000)
 Metaspace       used 73289K, committed 74688K, reserved 1179648K
  class space    used 7709K, committed 8320K, reserved 1048576K
}
Event: 143.493 GC heap after
{Heap after GC invocations=73 (full 6):
 PSYoungGen      total 47616K, used 1510K [0x00000000eab00000, 0x00000000eef00000, 0x0000000100000000)
  eden space 46080K, 0% used [0x00000000eab00000,0x00000000eab00000,0x00000000ed800000)
  from space 1536K, 98% used [0x00000000ee380000,0x00000000ee4f9a70,0x00000000ee500000)
  to   space 11776K, 0% used [0x00000000ed800000,0x00000000ed800000,0x00000000ee380000)
 ParOldGen       total 142848K, used 113606K [0x00000000c0000000, 0x00000000c8b80000, 0x00000000eab00000)
  object space 142848K, 79% used [0x00000000c0000000,0x00000000c6ef19e8,0x00000000c8b80000)
 Metaspace       used 73289K, committed 74688K, reserved 1179648K
  class space    used 7709K, committed 8320K, reserved 1048576K
}
Event: 160.195 GC heap before
{Heap before GC invocations=74 (full 6):
 PSYoungGen      total 47616K, used 47590K [0x00000000eab00000, 0x00000000eef00000, 0x0000000100000000)
  eden space 46080K, 100% used [0x00000000eab00000,0x00000000ed800000,0x00000000ed800000)
  from space 1536K, 98% used [0x00000000ee380000,0x00000000ee4f9a70,0x00000000ee500000)
  to   space 11776K, 0% used [0x00000000ed800000,0x00000000ed800000,0x00000000ee380000)
 ParOldGen       total 142848K, used 113606K [0x00000000c0000000, 0x00000000c8b80000, 0x00000000eab00000)
  object space 142848K, 79% used [0x00000000c0000000,0x00000000c6ef19e8,0x00000000c8b80000)
 Metaspace       used 74668K, committed 75968K, reserved 1179648K
  class space    used 7867K, committed 8448K, reserved 1048576K
}
Event: 160.206 GC heap after
{Heap after GC invocations=74 (full 6):
 PSYoungGen      total 48128K, used 2818K [0x00000000eab00000, 0x00000000ee400000, 0x0000000100000000)
  eden space 45056K, 0% used [0x00000000eab00000,0x00000000eab00000,0x00000000ed700000)
  from space 3072K, 91% used [0x00000000ed800000,0x00000000edac0870,0x00000000edb00000)
  to   space 5632K, 0% used [0x00000000ede80000,0x00000000ede80000,0x00000000ee400000)
 ParOldGen       total 142848K, used 114487K [0x00000000c0000000, 0x00000000c8b80000, 0x00000000eab00000)
  object space 142848K, 80% used [0x00000000c0000000,0x00000000c6fcde08,0x00000000c8b80000)
 Metaspace       used 74668K, committed 75968K, reserved 1179648K
  class space    used 7867K, committed 8448K, reserved 1048576K
}

