<?xml version="1.0" encoding="UTF-8"?>
<testsuite xmlns:xsi="http://www.w3.org/2001/XMLSchema-instance" xsi:noNamespaceSchemaLocation="https://maven.apache.org/surefire/maven-surefire-plugin/xsd/surefire-test-report-3.0.xsd" version="3.0" name="com.question.question_service.QuestionServiceApplicationTests" time="10.232" tests="1" errors="0" skipped="0" failures="0">
  <properties>
[...]
</properties>
  <testcase name="contextLoads" classname="com.question.question_service.QuestionServiceApplicationTests" time="0.641">
    <system-out><![CDATA[22:48:31.993 [main] INFO org.springframework.test.context.support.AnnotationConfigContextLoaderUtils -- Could not detect default configuration classes for test class [com.question.question_service.QuestionServiceApplicationTests]: QuestionServiceApplicationTests does not declare any static, non-private, non-final, nested classes annotated with @Configuration.
22:48:32.329 [main] INFO org.springframework.boot.test.context.SpringBootTestContextBootstrapper -- Found @SpringBootConfiguration com.question.question_service.QuestionServiceApplication for test class com.question.question_service.QuestionServiceApplicationTests

  .   ____          _            __ _ _
 /\\ / ___'_ __ _ _(_)_ __  __ _ \ \ \ \
( ( )\___ | '_ | '_| | '_ \/ _` | \ \ \ \
 \\/  ___)| |_)| | | | | || (_| |  ) ) ) )
  '  |____| .__|_| |_|_| |_\__, | / / / /
 =========|_|==============|___/=/_/_/_/
 :: Spring Boot ::                (v3.2.7)

2024-09-09T22:48:33.269+05:30  INFO 115373 --- [question_service] [           main] c.q.q.QuestionServiceApplicationTests    : Starting QuestionServiceApplicationTests using Java 21.0.3 with PID 115373 (started by sr in /media/sr/Projects Files/Spring Framework/Learning Spring/Microservices/Quiz/question_service)
2024-09-09T22:48:33.271+05:30  INFO 115373 --- [question_service] [           main] c.q.q.QuestionServiceApplicationTests    : No active profile set, falling back to 1 default profile: "default"
2024-09-09T22:48:34.867+05:30  INFO 115373 --- [question_service] [           main] .s.d.r.c.RepositoryConfigurationDelegate : Bootstrapping Spring Data JPA repositories in DEFAULT mode.
2024-09-09T22:48:35.106+05:30  INFO 115373 --- [question_service] [           main] .s.d.r.c.RepositoryConfigurationDelegate : Finished Spring Data repository scanning in 228 ms. Found 1 JPA repository interface.
2024-09-09T22:48:35.549+05:30  INFO 115373 --- [question_service] [           main] o.s.cloud.context.scope.GenericScope     : BeanFactory id=720ebf5e-3ef9-30d9-bdb1-2449f128cd60
2024-09-09T22:48:35.794+05:30  WARN 115373 --- [question_service] [           main] trationDelegate$BeanPostProcessorChecker : Bean 'org.springframework.cloud.client.loadbalancer.LoadBalancerAutoConfiguration$DeferringLoadBalancerInterceptorConfig' of type [org.springframework.cloud.client.loadbalancer.LoadBalancerAutoConfiguration$DeferringLoadBalancerInterceptorConfig] is not eligible for getting processed by all BeanPostProcessors (for example: not eligible for auto-proxying). The currently created BeanPostProcessor [lbRestClientPostProcessor] is declared through a non-static factory method on that class; consider declaring it as static instead.
2024-09-09T22:48:35.798+05:30  WARN 115373 --- [question_service] [           main] trationDelegate$BeanPostProcessorChecker : Bean 'deferringLoadBalancerInterceptor' of type [org.springframework.cloud.client.loadbalancer.DeferringLoadBalancerInterceptor] is not eligible for getting processed by all BeanPostProcessors (for example: not eligible for auto-proxying). Is this bean getting eagerly injected into a currently created BeanPostProcessor [lbRestClientPostProcessor]? Check the corresponding BeanPostProcessor declaration and its dependencies.
2024-09-09T22:48:36.040+05:30  INFO 115373 --- [question_service] [           main] o.hibernate.jpa.internal.util.LogHelper  : HHH000204: Processing PersistenceUnitInfo [name: default]
2024-09-09T22:48:36.158+05:30  INFO 115373 --- [question_service] [           main] org.hibernate.Version                    : HHH000412: Hibernate ORM core version 6.4.9.Final
2024-09-09T22:48:36.229+05:30  INFO 115373 --- [question_service] [           main] o.h.c.internal.RegionFactoryInitiator    : HHH000026: Second-level cache disabled
2024-09-09T22:48:36.598+05:30  INFO 115373 --- [question_service] [           main] o.s.o.j.p.SpringPersistenceUnitInfo      : No LoadTimeWeaver setup: ignoring JPA class transformer
2024-09-09T22:48:36.635+05:30  INFO 115373 --- [question_service] [           main] com.zaxxer.hikari.HikariDataSource       : HikariPool-1 - Starting...
2024-09-09T22:48:36.745+05:30  INFO 115373 --- [question_service] [           main] com.zaxxer.hikari.pool.HikariPool        : HikariPool-1 - Added connection org.mariadb.jdbc.Connection@6ba060af
2024-09-09T22:48:36.747+05:30  INFO 115373 --- [question_service] [           main] com.zaxxer.hikari.HikariDataSource       : HikariPool-1 - Start completed.
2024-09-09T22:48:38.101+05:30  INFO 115373 --- [question_service] [           main] o.h.e.t.j.p.i.JtaPlatformInitiator       : HHH000489: No JTA platform available (set 'hibernate.transaction.jta.platform' to enable JTA platform integration)
2024-09-09T22:48:38.160+05:30  INFO 115373 --- [question_service] [           main] j.LocalContainerEntityManagerFactoryBean : Initialized JPA EntityManagerFactory for persistence unit 'default'
2024-09-09T22:48:39.032+05:30  WARN 115373 --- [question_service] [           main] JpaBaseConfiguration$JpaWebConfiguration : spring.jpa.open-in-view is enabled by default. Therefore, database queries may be performed during view rendering. Explicitly configure spring.jpa.open-in-view to disable this warning
2024-09-09T22:48:39.897+05:30  INFO 115373 --- [question_service] [           main] DiscoveryClientOptionalArgsConfiguration : Eureka HTTP Client uses RestTemplate.
2024-09-09T22:48:40.023+05:30  INFO 115373 --- [question_service] [           main] o.s.c.n.eureka.InstanceInfoFactory       : Setting initial instance status as: STARTING
2024-09-09T22:48:40.181+05:30  INFO 115373 --- [question_service] [           main] com.netflix.discovery.DiscoveryClient    : Initializing Eureka in region us-east-1
2024-09-09T22:48:40.189+05:30  INFO 115373 --- [question_service] [           main] c.n.d.s.r.aws.ConfigClusterResolver      : Resolving eureka endpoints via configuration
2024-09-09T22:48:40.237+05:30  INFO 115373 --- [question_service] [           main] com.netflix.discovery.DiscoveryClient    : Disable delta property : false
2024-09-09T22:48:40.237+05:30  INFO 115373 --- [question_service] [           main] com.netflix.discovery.DiscoveryClient    : Single vip registry refresh property : null
2024-09-09T22:48:40.237+05:30  INFO 115373 --- [question_service] [           main] com.netflix.discovery.DiscoveryClient    : Force full registry fetch : false
2024-09-09T22:48:40.237+05:30  INFO 115373 --- [question_service] [           main] com.netflix.discovery.DiscoveryClient    : Application is null : false
2024-09-09T22:48:40.237+05:30  INFO 115373 --- [question_service] [           main] com.netflix.discovery.DiscoveryClient    : Registered Applications size is zero : true
2024-09-09T22:48:40.237+05:30  INFO 115373 --- [question_service] [           main] com.netflix.discovery.DiscoveryClient    : Application version is -1: true
2024-09-09T22:48:40.238+05:30  INFO 115373 --- [question_service] [           main] com.netflix.discovery.DiscoveryClient    : Getting all instance registry info from the eureka server
2024-09-09T22:48:40.821+05:30  INFO 115373 --- [question_service] [           main] com.netflix.discovery.DiscoveryClient    : The response status is 200
2024-09-09T22:48:40.825+05:30  INFO 115373 --- [question_service] [           main] com.netflix.discovery.DiscoveryClient    : Starting heartbeat executor: renew interval is: 30
2024-09-09T22:48:40.829+05:30  INFO 115373 --- [question_service] [           main] c.n.discovery.InstanceInfoReplicator     : InstanceInfoReplicator onDemand update allowed rate per min is 4
2024-09-09T22:48:40.836+05:30  INFO 115373 --- [question_service] [           main] com.netflix.discovery.DiscoveryClient    : Discovery Client initialized at timestamp 1725902320835 with initial instances count: 2
2024-09-09T22:48:40.840+05:30  INFO 115373 --- [question_service] [           main] o.s.c.n.e.s.EurekaServiceRegistry        : Registering application QUESTION_SERVICE with eureka with status UP
2024-09-09T22:48:40.840+05:30  INFO 115373 --- [question_service] [           main] com.netflix.discovery.DiscoveryClient    : Saw local status change event StatusChangeEvent [timestamp=1725902320840, current=UP, previous=STARTING]
2024-09-09T22:48:40.844+05:30  INFO 115373 --- [question_service] [nfoReplicator-0] com.netflix.discovery.DiscoveryClient    : DiscoveryClient_QUESTION_SERVICE/Rider:question_service:8082: registering service...
2024-09-09T22:48:40.859+05:30  INFO 115373 --- [question_service] [           main] c.q.q.QuestionServiceApplicationTests    : Started QuestionServiceApplicationTests in 8.104 seconds (process running for 10.206)
2024-09-09T22:48:40.912+05:30  INFO 115373 --- [question_service] [nfoReplicator-0] com.netflix.discovery.DiscoveryClient    : DiscoveryClient_QUESTION_SERVICE/Rider:question_service:8082 - registration status: 204
]]></system-out>
    <system-err><![CDATA[WARNING: A Java agent has been loaded dynamically (/home/sr/.m2/repository/net/bytebuddy/byte-buddy-agent/1.14.17/byte-buddy-agent-1.14.17.jar)
WARNING: If a serviceability tool is in use, please run with -XX:+EnableDynamicAgentLoading to hide this warning
WARNING: If a serviceability tool is not in use, please run with -Djdk.instrument.traceUsage for more information
WARNING: Dynamic loading of agents will be disallowed by default in a future release
]]></system-err>
  </testcase>
</testsuite>